********************************************************************************
DUPLICATOR-LITE PACKAGE-LOG: December 9, 2020 6:51 am
NOTICE: Do NOT post to public sites or forums 
********************************************************************************
VERSION:	1.3.40
WORDPRESS:	5.5.3
PHP INFO:	7.3.21 | SAPI: apache2handler
SERVER:		Apache/2.4.46 (Win64) PHP/7.3.21 
PHP TIME LIMIT: (0) no time limit imposed 
PHP MAX MEMORY: 4294967296 (128M default) 
MEMORY STACK: 2MB

********************************************************************************
DATABASE:
********************************************************************************
BUILD MODE:   MYSQLDUMP
MYSQLTIMEOUT: 5000
MYSQLDUMP:    Is Supported
SQL CREATED: 20201208_trainee_d31b2f25cd510d4a2930_20201209065121_database.sql
SQL FILE SIZE: 636.35KB (651623)
SQL FILE TIME: 2020-12-09 06:51:38
SQL RUNTIME: 2.61 sec.

********************************************************************************
ARCHIVE (ZIP):
********************************************************************************
ARCHIVE DIR:  C:/wamp64/www/Yotin_wp
ARCHIVE FILE: 20201208_trainee_d31b2f25cd510d4a2930_20201209065121_archive.zip
FILTERS: *OFF*
DIRS:
	not set
FILES:
	not set
EXTS:  not set
----------------------------------------
COMPRESSING
SIZE:	113.71MB
STATS:	Dirs 543 | Files 2,798
SQL ADDED: 20201208_trainee_d31b2f25cd510d4a2930_20201209065121_database.sql
ZipArchive Object
(
    [status] => 0
    [statusSys] => 0
    [numFiles] => 3341
    [filename] => C:\wamp64\www\Yotin_wp\wp-content\backups-dup-lite\tmp\20201208_trainee_d31b2f25cd510d4a2930_20201209065121_archive.zip
    [comment] => 
)

FILE ADDED TO ZIP: 3340
COMPRESSION RESULT: '1'
COMPRESSED SIZE: 76.23MB
ARCHIVE RUNTIME: 154.93 sec.
MEMORY STACK: 4MB
building installer
add_extra_files1
add_extra_files2
add_extra_files3
add_extra_files4
Doing archive file check
add_extra_files5
add_extra_files6
add_extra_files8
Successfully opened zip C:/wamp64/www/Yotin_wp/wp-content/backups-dup-lite/tmp/20201208_trainee_d31b2f25cd510d4a2930_20201209065121_archive.zip
Adding enhanced installer files to archive using ZipArchive
Installer files added to archive
Added to archive
After ziparchive close when adding installer

********************************************************************************
INTEGRITY CHECKS:
********************************************************************************
SQL FILE: 636.35KB
INSTALLER FILE: 61.31KB
ARCHIVE FILE: 77.73MB 
EXPECTED FILE/DIRECTORY COUNT: 3,341
ACTUAL FILE/DIRECTORY COUNT: 3,340
ARCHIVE CONSISTENCY TEST: Pass

********************************************************************************
RECORD ID:[2]
TOTAL PROCESS RUNTIME: 160.87 sec.
PEAK PHP MEMORY USED: 4MB
DONE PROCESSING => 20201208_trainee December 9, 2020 6:54 am

