********************************************************************************
DUPLICATOR-LITE PACKAGE-LOG: December 8, 2020 6:21 am
NOTICE: Do NOT post to public sites or forums 
********************************************************************************
VERSION:	1.3.40
WORDPRESS:	5.5.3
PHP INFO:	7.3.21 | SAPI: apache2handler
SERVER:		Apache/2.4.46 (Win64) PHP/7.3.21 
PHP TIME LIMIT: (0) no time limit imposed 
PHP MAX MEMORY: 4294967296 (128M default) 
MEMORY STACK: 2MB

********************************************************************************
DATABASE:
********************************************************************************
BUILD MODE:   MYSQLDUMP
MYSQLTIMEOUT: 5000
MYSQLDUMP:    Is Supported
SQL CREATED: 20201208_trainee_4427da1fdcd02eef4408_20201208062147_database.sql
SQL FILE SIZE: 481.22KB (492767)
SQL FILE TIME: 2020-12-08 06:22:01
SQL RUNTIME: 4.01 sec.

********************************************************************************
ARCHIVE (ZIP):
********************************************************************************
ARCHIVE DIR:  C:/wamp64/www/Yotin_wp
ARCHIVE FILE: 20201208_trainee_4427da1fdcd02eef4408_20201208062147_archive.zip
FILTERS: *OFF*
DIRS:
	not set
FILES:
	not set
EXTS:  not set
----------------------------------------
COMPRESSING
SIZE:	73.82MB
STATS:	Dirs 414 | Files 2,448
SQL ADDED: 20201208_trainee_4427da1fdcd02eef4408_20201208062147_database.sql
ZipArchive Object
(
    [status] => 0
    [statusSys] => 0
    [numFiles] => 2862
    [filename] => C:\wamp64\www\Yotin_wp\wp-content\backups-dup-lite\tmp\20201208_trainee_4427da1fdcd02eef4408_20201208062147_archive.zip
    [comment] => 
)

FILE ADDED TO ZIP: 2861
COMPRESSION RESULT: '1'
COMPRESSED SIZE: 36.27MB
ARCHIVE RUNTIME: 118.75 sec.
MEMORY STACK: 4MB
building installer
add_extra_files1
add_extra_files2
add_extra_files3
add_extra_files4
Doing archive file check
add_extra_files5
add_extra_files6
add_extra_files8
Successfully opened zip C:/wamp64/www/Yotin_wp/wp-content/backups-dup-lite/tmp/20201208_trainee_4427da1fdcd02eef4408_20201208062147_archive.zip
Adding enhanced installer files to archive using ZipArchive
Installer files added to archive
Added to archive
After ziparchive close when adding installer

********************************************************************************
INTEGRITY CHECKS:
********************************************************************************
SQL FILE: 481.22KB
INSTALLER FILE: 61.31KB
ARCHIVE FILE: 37.76MB 
EXPECTED FILE/DIRECTORY COUNT: 2,862
ACTUAL FILE/DIRECTORY COUNT: 2,861
ARCHIVE CONSISTENCY TEST: Pass

********************************************************************************
RECORD ID:[1]
TOTAL PROCESS RUNTIME: 128.85 sec.
PEAK PHP MEMORY USED: 4MB
DONE PROCESSING => 20201208_trainee December 8, 2020 6:24 am

